{"C:\\Revature\\200406-java-react-usf\\Korey_Keipe_P1_UI\\src\\App.tsx": {"path":"C:\\Revature\\200406-java-react-usf\\Korey_Keipe_P1_UI\\src\\App.tsx","statementMap":{"0":{"start":{"line":20,"column":34},"end":{"line":20,"column":56}},"1":{"start":{"line":22,"column":32},"end":{"line":22,"column":54}},"2":{"start":{"line":24,"column":34},"end":{"line":24,"column":57}},"3":{"start":{"line":26,"column":34},"end":{"line":26,"column":56}},"4":{"start":{"line":28,"column":36},"end":{"line":28,"column":59}},"5":{"start":{"line":30,"column":42},"end":{"line":30,"column":54}},"6":{"start":{"line":32,"column":2},"end":{"line":60,"column":4}},"7":{"start":{"line":48,"column":44},"end":{"line":48,"column":107}},"8":{"start":{"line":49,"column":45},"end":{"line":49,"column":137}},"9":{"start":{"line":50,"column":48},"end":{"line":50,"column":141}},"10":{"start":{"line":51,"column":45},"end":{"line":51,"column":108}},"11":{"start":{"line":52,"column":49},"end":{"line":52,"column":91}},"12":{"start":{"line":53,"column":54},"end":{"line":53,"column":119}},"13":{"start":{"line":54,"column":46},"end":{"line":54,"column":111}},"14":{"start":{"line":55,"column":67},"end":{"line":55,"column":175}},"15":{"start":{"line":56,"column":72},"end":{"line":56,"column":187}}},"fnMap":{"0":{"name":"App","decl":{"start":{"line":17,"column":9},"end":{"line":17,"column":12}},"loc":{"start":{"line":17,"column":15},"end":{"line":61,"column":1}},"line":17},"1":{"name":"(anonymous_1)","decl":{"start":{"line":48,"column":38},"end":{"line":48,"column":39}},"loc":{"start":{"line":48,"column":44},"end":{"line":48,"column":107}},"line":48},"2":{"name":"(anonymous_2)","decl":{"start":{"line":49,"column":39},"end":{"line":49,"column":40}},"loc":{"start":{"line":49,"column":45},"end":{"line":49,"column":137}},"line":49},"3":{"name":"(anonymous_3)","decl":{"start":{"line":50,"column":42},"end":{"line":50,"column":43}},"loc":{"start":{"line":50,"column":48},"end":{"line":50,"column":141}},"line":50},"4":{"name":"(anonymous_4)","decl":{"start":{"line":51,"column":39},"end":{"line":51,"column":40}},"loc":{"start":{"line":51,"column":45},"end":{"line":51,"column":108}},"line":51},"5":{"name":"(anonymous_5)","decl":{"start":{"line":52,"column":43},"end":{"line":52,"column":44}},"loc":{"start":{"line":52,"column":49},"end":{"line":52,"column":91}},"line":52},"6":{"name":"(anonymous_6)","decl":{"start":{"line":53,"column":48},"end":{"line":53,"column":49}},"loc":{"start":{"line":53,"column":54},"end":{"line":53,"column":119}},"line":53},"7":{"name":"(anonymous_7)","decl":{"start":{"line":54,"column":40},"end":{"line":54,"column":41}},"loc":{"start":{"line":54,"column":46},"end":{"line":54,"column":111}},"line":54},"8":{"name":"(anonymous_8)","decl":{"start":{"line":55,"column":61},"end":{"line":55,"column":62}},"loc":{"start":{"line":55,"column":67},"end":{"line":55,"column":175}},"line":55},"9":{"name":"(anonymous_9)","decl":{"start":{"line":56,"column":66},"end":{"line":56,"column":67}},"loc":{"start":{"line":56,"column":72},"end":{"line":56,"column":187}},"line":56}},"branchMap":{"0":{"loc":{"start":{"line":45,"column":10},"end":{"line":45,"column":54}},"type":"cond-expr","locations":[{"start":{"line":45,"column":22},"end":{"line":45,"column":46}},{"start":{"line":45,"column":49},"end":{"line":45,"column":54}}],"line":45}},"s":{"0":1,"1":1,"2":1,"3":1,"4":1,"5":1,"6":1,"7":0,"8":1,"9":0,"10":0,"11":0,"12":0,"13":0,"14":0,"15":0},"f":{"0":1,"1":0,"2":1,"3":0,"4":0,"5":0,"6":0,"7":0,"8":0,"9":0},"b":{"0":[1,0]},"_coverageSchema":"43e27e138ebf9cfc5966b082cf9a028302ed4184","hash":"b23a33fe09c1d31c9192233685ce8a37cf6ac076"}
,"C:\\Revature\\200406-java-react-usf\\Korey_Keipe_P1_UI\\src\\index.tsx": {"path":"C:\\Revature\\200406-java-react-usf\\Korey_Keipe_P1_UI\\src\\index.tsx","statementMap":{"0":{"start":{"line":7,"column":0},"end":{"line":12,"column":2}},"1":{"start":{"line":17,"column":0},"end":{"line":17,"column":27}}},"fnMap":{},"branchMap":{},"s":{"0":0,"1":0},"f":{},"b":{},"hash":"3e3fe704215d4870c942bc7fca06c61ba0b79c88"}
,"C:\\Revature\\200406-java-react-usf\\Korey_Keipe_P1_UI\\src\\serviceWorker.ts": {"path":"C:\\Revature\\200406-java-react-usf\\Korey_Keipe_P1_UI\\src\\serviceWorker.ts","statementMap":{"0":{"start":{"line":13,"column":20},"end":{"line":21,"column":1}},"1":{"start":{"line":29,"column":2},"end":{"line":62,"column":3}},"2":{"start":{"line":31,"column":22},"end":{"line":34,"column":5}},"3":{"start":{"line":35,"column":4},"end":{"line":40,"column":5}},"4":{"start":{"line":39,"column":6},"end":{"line":39,"column":13}},"5":{"start":{"line":42,"column":4},"end":{"line":61,"column":7}},"6":{"start":{"line":43,"column":20},"end":{"line":43,"column":65}},"7":{"start":{"line":45,"column":6},"end":{"line":60,"column":7}},"8":{"start":{"line":47,"column":8},"end":{"line":47,"column":47}},"9":{"start":{"line":51,"column":8},"end":{"line":56,"column":11}},"10":{"start":{"line":52,"column":10},"end":{"line":55,"column":12}},"11":{"start":{"line":59,"column":8},"end":{"line":59,"column":39}},"12":{"start":{"line":66,"column":2},"end":{"line":106,"column":7}},"13":{"start":{"line":69,"column":6},"end":{"line":102,"column":8}},"14":{"start":{"line":70,"column":33},"end":{"line":70,"column":56}},"15":{"start":{"line":71,"column":8},"end":{"line":73,"column":9}},"16":{"start":{"line":72,"column":10},"end":{"line":72,"column":17}},"17":{"start":{"line":74,"column":8},"end":{"line":101,"column":10}},"18":{"start":{"line":75,"column":10},"end":{"line":100,"column":11}},"19":{"start":{"line":76,"column":12},"end":{"line":99,"column":13}},"20":{"start":{"line":80,"column":14},"end":{"line":83,"column":16}},"21":{"start":{"line":86,"column":14},"end":{"line":88,"column":15}},"22":{"start":{"line":87,"column":16},"end":{"line":87,"column":46}},"23":{"start":{"line":93,"column":14},"end":{"line":93,"column":64}},"24":{"start":{"line":96,"column":14},"end":{"line":98,"column":15}},"25":{"start":{"line":97,"column":16},"end":{"line":97,"column":47}},"26":{"start":{"line":105,"column":6},"end":{"line":105,"column":72}},"27":{"start":{"line":111,"column":2},"end":{"line":136,"column":7}},"28":{"start":{"line":116,"column":26},"end":{"line":116,"column":62}},"29":{"start":{"line":117,"column":6},"end":{"line":130,"column":7}},"30":{"start":{"line":122,"column":8},"end":{"line":126,"column":11}},"31":{"start":{"line":123,"column":10},"end":{"line":125,"column":13}},"32":{"start":{"line":124,"column":12},"end":{"line":124,"column":37}},"33":{"start":{"line":129,"column":8},"end":{"line":129,"column":39}},"34":{"start":{"line":133,"column":6},"end":{"line":135,"column":8}},"35":{"start":{"line":140,"column":2},"end":{"line":148,"column":3}},"36":{"start":{"line":141,"column":4},"end":{"line":147,"column":9}},"37":{"start":{"line":143,"column":8},"end":{"line":143,"column":34}},"38":{"start":{"line":146,"column":8},"end":{"line":146,"column":37}}},"fnMap":{"0":{"name":"register","decl":{"start":{"line":28,"column":16},"end":{"line":28,"column":24}},"loc":{"start":{"line":28,"column":42},"end":{"line":63,"column":1}},"line":28},"1":{"name":"(anonymous_1)","decl":{"start":{"line":42,"column":36},"end":{"line":42,"column":37}},"loc":{"start":{"line":42,"column":42},"end":{"line":61,"column":5}},"line":42},"2":{"name":"(anonymous_2)","decl":{"start":{"line":51,"column":43},"end":{"line":51,"column":44}},"loc":{"start":{"line":51,"column":49},"end":{"line":56,"column":9}},"line":51},"3":{"name":"registerValidSW","decl":{"start":{"line":65,"column":9},"end":{"line":65,"column":24}},"loc":{"start":{"line":65,"column":57},"end":{"line":107,"column":1}},"line":65},"4":{"name":"(anonymous_4)","decl":{"start":{"line":68,"column":10},"end":{"line":68,"column":11}},"loc":{"start":{"line":68,"column":26},"end":{"line":103,"column":5}},"line":68},"5":{"name":"(anonymous_5)","decl":{"start":{"line":69,"column":35},"end":{"line":69,"column":36}},"loc":{"start":{"line":69,"column":41},"end":{"line":102,"column":7}},"line":69},"6":{"name":"(anonymous_6)","decl":{"start":{"line":74,"column":41},"end":{"line":74,"column":42}},"loc":{"start":{"line":74,"column":47},"end":{"line":101,"column":9}},"line":74},"7":{"name":"(anonymous_7)","decl":{"start":{"line":104,"column":11},"end":{"line":104,"column":12}},"loc":{"start":{"line":104,"column":20},"end":{"line":106,"column":5}},"line":104},"8":{"name":"checkValidServiceWorker","decl":{"start":{"line":109,"column":9},"end":{"line":109,"column":32}},"loc":{"start":{"line":109,"column":65},"end":{"line":137,"column":1}},"line":109},"9":{"name":"(anonymous_9)","decl":{"start":{"line":114,"column":10},"end":{"line":114,"column":11}},"loc":{"start":{"line":114,"column":22},"end":{"line":131,"column":5}},"line":114},"10":{"name":"(anonymous_10)","decl":{"start":{"line":122,"column":43},"end":{"line":122,"column":44}},"loc":{"start":{"line":122,"column":59},"end":{"line":126,"column":9}},"line":122},"11":{"name":"(anonymous_11)","decl":{"start":{"line":123,"column":41},"end":{"line":123,"column":42}},"loc":{"start":{"line":123,"column":47},"end":{"line":125,"column":11}},"line":123},"12":{"name":"(anonymous_12)","decl":{"start":{"line":132,"column":11},"end":{"line":132,"column":12}},"loc":{"start":{"line":132,"column":17},"end":{"line":136,"column":5}},"line":132},"13":{"name":"unregister","decl":{"start":{"line":139,"column":16},"end":{"line":139,"column":26}},"loc":{"start":{"line":139,"column":29},"end":{"line":149,"column":1}},"line":139},"14":{"name":"(anonymous_14)","decl":{"start":{"line":142,"column":12},"end":{"line":142,"column":13}},"loc":{"start":{"line":142,"column":28},"end":{"line":144,"column":7}},"line":142},"15":{"name":"(anonymous_15)","decl":{"start":{"line":145,"column":13},"end":{"line":145,"column":14}},"loc":{"start":{"line":145,"column":22},"end":{"line":147,"column":7}},"line":145}},"branchMap":{"0":{"loc":{"start":{"line":14,"column":2},"end":{"line":20,"column":5}},"type":"binary-expr","locations":[{"start":{"line":14,"column":2},"end":{"line":14,"column":42}},{"start":{"line":16,"column":4},"end":{"line":16,"column":40}},{"start":{"line":18,"column":4},"end":{"line":20,"column":5}}],"line":14},"1":{"loc":{"start":{"line":29,"column":2},"end":{"line":62,"column":3}},"type":"if","locations":[{"start":{"line":29,"column":2},"end":{"line":62,"column":3}},{"start":{"line":29,"column":2},"end":{"line":62,"column":3}}],"line":29},"2":{"loc":{"start":{"line":29,"column":6},"end":{"line":29,"column":75}},"type":"binary-expr","locations":[{"start":{"line":29,"column":6},"end":{"line":29,"column":43}},{"start":{"line":29,"column":47},"end":{"line":29,"column":75}}],"line":29},"3":{"loc":{"start":{"line":35,"column":4},"end":{"line":40,"column":5}},"type":"if","locations":[{"start":{"line":35,"column":4},"end":{"line":40,"column":5}},{"start":{"line":35,"column":4},"end":{"line":40,"column":5}}],"line":35},"4":{"loc":{"start":{"line":45,"column":6},"end":{"line":60,"column":7}},"type":"if","locations":[{"start":{"line":45,"column":6},"end":{"line":60,"column":7}},{"start":{"line":45,"column":6},"end":{"line":60,"column":7}}],"line":45},"5":{"loc":{"start":{"line":71,"column":8},"end":{"line":73,"column":9}},"type":"if","locations":[{"start":{"line":71,"column":8},"end":{"line":73,"column":9}},{"start":{"line":71,"column":8},"end":{"line":73,"column":9}}],"line":71},"6":{"loc":{"start":{"line":75,"column":10},"end":{"line":100,"column":11}},"type":"if","locations":[{"start":{"line":75,"column":10},"end":{"line":100,"column":11}},{"start":{"line":75,"column":10},"end":{"line":100,"column":11}}],"line":75},"7":{"loc":{"start":{"line":76,"column":12},"end":{"line":99,"column":13}},"type":"if","locations":[{"start":{"line":76,"column":12},"end":{"line":99,"column":13}},{"start":{"line":76,"column":12},"end":{"line":99,"column":13}}],"line":76},"8":{"loc":{"start":{"line":86,"column":14},"end":{"line":88,"column":15}},"type":"if","locations":[{"start":{"line":86,"column":14},"end":{"line":88,"column":15}},{"start":{"line":86,"column":14},"end":{"line":88,"column":15}}],"line":86},"9":{"loc":{"start":{"line":86,"column":18},"end":{"line":86,"column":43}},"type":"binary-expr","locations":[{"start":{"line":86,"column":18},"end":{"line":86,"column":24}},{"start":{"line":86,"column":28},"end":{"line":86,"column":43}}],"line":86},"10":{"loc":{"start":{"line":96,"column":14},"end":{"line":98,"column":15}},"type":"if","locations":[{"start":{"line":96,"column":14},"end":{"line":98,"column":15}},{"start":{"line":96,"column":14},"end":{"line":98,"column":15}}],"line":96},"11":{"loc":{"start":{"line":96,"column":18},"end":{"line":96,"column":44}},"type":"binary-expr","locations":[{"start":{"line":96,"column":18},"end":{"line":96,"column":24}},{"start":{"line":96,"column":28},"end":{"line":96,"column":44}}],"line":96},"12":{"loc":{"start":{"line":117,"column":6},"end":{"line":130,"column":7}},"type":"if","locations":[{"start":{"line":117,"column":6},"end":{"line":130,"column":7}},{"start":{"line":117,"column":6},"end":{"line":130,"column":7}}],"line":117},"13":{"loc":{"start":{"line":118,"column":8},"end":{"line":119,"column":73}},"type":"binary-expr","locations":[{"start":{"line":118,"column":8},"end":{"line":118,"column":31}},{"start":{"line":119,"column":9},"end":{"line":119,"column":28}},{"start":{"line":119,"column":32},"end":{"line":119,"column":72}}],"line":118},"14":{"loc":{"start":{"line":140,"column":2},"end":{"line":148,"column":3}},"type":"if","locations":[{"start":{"line":140,"column":2},"end":{"line":148,"column":3}},{"start":{"line":140,"column":2},"end":{"line":148,"column":3}}],"line":140}},"s":{"0":0,"1":0,"2":0,"3":0,"4":0,"5":0,"6":0,"7":0,"8":0,"9":0,"10":0,"11":0,"12":0,"13":0,"14":0,"15":0,"16":0,"17":0,"18":0,"19":0,"20":0,"21":0,"22":0,"23":0,"24":0,"25":0,"26":0,"27":0,"28":0,"29":0,"30":0,"31":0,"32":0,"33":0,"34":0,"35":0,"36":0,"37":0,"38":0},"f":{"0":0,"1":0,"2":0,"3":0,"4":0,"5":0,"6":0,"7":0,"8":0,"9":0,"10":0,"11":0,"12":0,"13":0,"14":0,"15":0},"b":{"0":[0,0,0],"1":[0,0],"2":[0,0],"3":[0,0],"4":[0,0],"5":[0,0],"6":[0,0],"7":[0,0],"8":[0,0],"9":[0,0],"10":[0,0],"11":[0,0],"12":[0,0],"13":[0,0,0],"14":[0,0]},"hash":"54d37d786d3efe93679c7b763c5a889d3a8b0e5f"}
,"C:\\Revature\\200406-java-react-usf\\Korey_Keipe_P1_UI\\src\\components\\DashboardComponent.tsx": {"path":"C:\\Revature\\200406-java-react-usf\\Korey_Keipe_P1_UI\\src\\components\\DashboardComponent.tsx","statementMap":{"0":{"start":{"line":7,"column":16},"end":{"line":7,"column":25}},"1":{"start":{"line":8,"column":15},"end":{"line":8,"column":24}},"2":{"start":{"line":14,"column":18},"end":{"line":34,"column":1}},"3":{"start":{"line":15,"column":2},"end":{"line":33,"column":4}},"4":{"start":{"line":38,"column":20},"end":{"line":38,"column":31}},"5":{"start":{"line":40,"column":1},"end":{"line":97,"column":3}}},"fnMap":{"0":{"name":"(anonymous_0)","decl":{"start":{"line":14,"column":29},"end":{"line":14,"column":30}},"loc":{"start":{"line":15,"column":2},"end":{"line":33,"column":4}},"line":15},"1":{"name":"DashboardComponent","decl":{"start":{"line":36,"column":9},"end":{"line":36,"column":27}},"loc":{"start":{"line":36,"column":52},"end":{"line":98,"column":1}},"line":36}},"branchMap":{"0":{"loc":{"start":{"line":41,"column":2},"end":{"line":96,"column":5}},"type":"cond-expr","locations":[{"start":{"line":42,"column":2},"end":{"line":42,"column":25}},{"start":{"line":43,"column":2},"end":{"line":96,"column":5}}],"line":41},"1":{"loc":{"start":{"line":45,"column":6},"end":{"line":62,"column":13}},"type":"cond-expr","locations":[{"start":{"line":46,"column":5},"end":{"line":61,"column":9}},{"start":{"line":62,"column":8},"end":{"line":62,"column":13}}],"line":45},"2":{"loc":{"start":{"line":63,"column":7},"end":{"line":77,"column":12}},"type":"cond-expr","locations":[{"start":{"line":64,"column":6},"end":{"line":76,"column":8}},{"start":{"line":77,"column":7},"end":{"line":77,"column":12}}],"line":63},"3":{"loc":{"start":{"line":78,"column":6},"end":{"line":92,"column":12}},"type":"cond-expr","locations":[{"start":{"line":79,"column":5},"end":{"line":91,"column":8}},{"start":{"line":92,"column":7},"end":{"line":92,"column":12}}],"line":78}},"s":{"0":1,"1":1,"2":1,"3":0,"4":0,"5":0},"f":{"0":0,"1":0},"b":{"0":[0,0],"1":[0,0],"2":[0,0],"3":[0,0]},"_coverageSchema":"43e27e138ebf9cfc5966b082cf9a028302ed4184","hash":"13cfb6610fac0c3f8a265e97829ff24e2d3160f1"}
,"C:\\Revature\\200406-java-react-usf\\Korey_Keipe_P1_UI\\src\\components\\HomeComponent.tsx": {"path":"C:\\Revature\\200406-java-react-usf\\Korey_Keipe_P1_UI\\src\\components\\HomeComponent.tsx","statementMap":{"0":{"start":{"line":7,"column":16},"end":{"line":7,"column":25}},"1":{"start":{"line":8,"column":15},"end":{"line":8,"column":24}},"2":{"start":{"line":15,"column":18},"end":{"line":29,"column":2}},"3":{"start":{"line":31,"column":22},"end":{"line":44,"column":1}},"4":{"start":{"line":33,"column":17},"end":{"line":33,"column":28}},"5":{"start":{"line":35,"column":1},"end":{"line":43,"column":3}}},"fnMap":{"0":{"name":"(anonymous_0)","decl":{"start":{"line":31,"column":22},"end":{"line":31,"column":23}},"loc":{"start":{"line":31,"column":45},"end":{"line":44,"column":1}},"line":31}},"branchMap":{},"s":{"0":1,"1":1,"2":1,"3":1,"4":0,"5":0},"f":{"0":0},"b":{},"_coverageSchema":"43e27e138ebf9cfc5966b082cf9a028302ed4184","hash":"decc464b4900456acd0b480fda83a877c9e61e6e"}
,"C:\\Revature\\200406-java-react-usf\\Korey_Keipe_P1_UI\\src\\components\\LoginComponent.tsx": {"path":"C:\\Revature\\200406-java-react-usf\\Korey_Keipe_P1_UI\\src\\components\\LoginComponent.tsx","statementMap":{"0":{"start":{"line":17,"column":16},"end":{"line":17,"column":25}},"1":{"start":{"line":18,"column":15},"end":{"line":18,"column":24}},"2":{"start":{"line":19,"column":18},"end":{"line":19,"column":27}},"3":{"start":{"line":27,"column":18},"end":{"line":43,"column":2}},"4":{"start":{"line":47,"column":20},"end":{"line":47,"column":31}},"5":{"start":{"line":49,"column":36},"end":{"line":49,"column":48}},"6":{"start":{"line":50,"column":36},"end":{"line":50,"column":48}},"7":{"start":{"line":51,"column":44},"end":{"line":51,"column":56}},"8":{"start":{"line":53,"column":25},"end":{"line":55,"column":5}},"9":{"start":{"line":54,"column":8},"end":{"line":54,"column":42}},"10":{"start":{"line":56,"column":25},"end":{"line":58,"column":5}},"11":{"start":{"line":57,"column":8},"end":{"line":57,"column":43}},"12":{"start":{"line":60,"column":16},"end":{"line":66,"column":5}},"13":{"start":{"line":62,"column":17},"end":{"line":62,"column":55}},"14":{"start":{"line":63,"column":8},"end":{"line":63,"column":30}},"15":{"start":{"line":64,"column":8},"end":{"line":64,"column":36}},"16":{"start":{"line":68,"column":4},"end":{"line":107,"column":6}}},"fnMap":{"0":{"name":"LoginComponent","decl":{"start":{"line":45,"column":9},"end":{"line":45,"column":23}},"loc":{"start":{"line":45,"column":44},"end":{"line":108,"column":1}},"line":45},"1":{"name":"(anonymous_1)","decl":{"start":{"line":53,"column":25},"end":{"line":53,"column":26}},"loc":{"start":{"line":53,"column":37},"end":{"line":55,"column":5}},"line":53},"2":{"name":"(anonymous_2)","decl":{"start":{"line":56,"column":25},"end":{"line":56,"column":26}},"loc":{"start":{"line":56,"column":37},"end":{"line":58,"column":5}},"line":56},"3":{"name":"(anonymous_3)","decl":{"start":{"line":60,"column":16},"end":{"line":60,"column":17}},"loc":{"start":{"line":60,"column":28},"end":{"line":66,"column":5}},"line":60}},"branchMap":{"0":{"loc":{"start":{"line":69,"column":8},"end":{"line":106,"column":11}},"type":"cond-expr","locations":[{"start":{"line":70,"column":8},"end":{"line":70,"column":36}},{"start":{"line":71,"column":8},"end":{"line":106,"column":11}}],"line":69},"1":{"loc":{"start":{"line":98,"column":24},"end":{"line":102,"column":29}},"type":"cond-expr","locations":[{"start":{"line":100,"column":7},"end":{"line":100,"column":55}},{"start":{"line":102,"column":24},"end":{"line":102,"column":29}}],"line":98}},"s":{"0":1,"1":1,"2":1,"3":1,"4":1,"5":1,"6":1,"7":1,"8":1,"9":0,"10":1,"11":0,"12":1,"13":0,"14":0,"15":0,"16":1},"f":{"0":1,"1":0,"2":0,"3":0},"b":{"0":[0,1],"1":[0,1]},"_coverageSchema":"43e27e138ebf9cfc5966b082cf9a028302ed4184","hash":"ce830d92893037ce39d9e5b7141814b6a5f4b717"}
,"C:\\Revature\\200406-java-react-usf\\Korey_Keipe_P1_UI\\src\\components\\NavBarComponent.tsx": {"path":"C:\\Revature\\200406-java-react-usf\\Korey_Keipe_P1_UI\\src\\components\\NavBarComponent.tsx","statementMap":{"0":{"start":{"line":14,"column":16},"end":{"line":14,"column":25}},"1":{"start":{"line":15,"column":15},"end":{"line":15,"column":24}},"2":{"start":{"line":22,"column":19},"end":{"line":43,"column":1}},"3":{"start":{"line":23,"column":1},"end":{"line":42,"column":3}},"4":{"start":{"line":45,"column":24},"end":{"line":75,"column":1}},"5":{"start":{"line":47,"column":17},"end":{"line":47,"column":29}},"6":{"start":{"line":49,"column":14},"end":{"line":54,"column":2}},"7":{"start":{"line":50,"column":2},"end":{"line":50,"column":17}},"8":{"start":{"line":52,"column":2},"end":{"line":52,"column":26}},"9":{"start":{"line":53,"column":2},"end":{"line":53,"column":28}},"10":{"start":{"line":56,"column":1},"end":{"line":74,"column":2}}},"fnMap":{"0":{"name":"(anonymous_0)","decl":{"start":{"line":22,"column":30},"end":{"line":22,"column":31}},"loc":{"start":{"line":23,"column":1},"end":{"line":42,"column":3}},"line":23},"1":{"name":"(anonymous_1)","decl":{"start":{"line":45,"column":24},"end":{"line":45,"column":25}},"loc":{"start":{"line":45,"column":49},"end":{"line":75,"column":1}},"line":45},"2":{"name":"(anonymous_2)","decl":{"start":{"line":49,"column":14},"end":{"line":49,"column":15}},"loc":{"start":{"line":49,"column":26},"end":{"line":54,"column":2}},"line":49}},"branchMap":{"0":{"loc":{"start":{"line":61,"column":8},"end":{"line":61,"column":113}},"type":"cond-expr","locations":[{"start":{"line":61,"column":25},"end":{"line":61,"column":105}},{"start":{"line":61,"column":108},"end":{"line":61,"column":113}}],"line":61},"1":{"loc":{"start":{"line":64,"column":8},"end":{"line":68,"column":64}},"type":"cond-expr","locations":[{"start":{"line":66,"column":7},"end":{"line":66,"column":75}},{"start":{"line":68,"column":7},"end":{"line":68,"column":64}}],"line":64}},"s":{"0":1,"1":1,"2":1,"3":1,"4":1,"5":1,"6":1,"7":0,"8":0,"9":0,"10":1},"f":{"0":1,"1":1,"2":0},"b":{"0":[0,1],"1":[0,1]},"_coverageSchema":"43e27e138ebf9cfc5966b082cf9a028302ed4184","hash":"8c08ed45963cbf29e5a1f039be42971f5fb46985"}
,"C:\\Revature\\200406-java-react-usf\\Korey_Keipe_P1_UI\\src\\components\\RegisterComponent.tsx": {"path":"C:\\Revature\\200406-java-react-usf\\Korey_Keipe_P1_UI\\src\\components\\RegisterComponent.tsx","statementMap":{"0":{"start":{"line":17,"column":16},"end":{"line":17,"column":25}},"1":{"start":{"line":18,"column":15},"end":{"line":18,"column":24}},"2":{"start":{"line":26,"column":18},"end":{"line":42,"column":2}},"3":{"start":{"line":46,"column":17},"end":{"line":46,"column":28}},"4":{"start":{"line":48,"column":33},"end":{"line":48,"column":45}},"5":{"start":{"line":49,"column":33},"end":{"line":49,"column":45}},"6":{"start":{"line":50,"column":36},"end":{"line":50,"column":48}},"7":{"start":{"line":51,"column":34},"end":{"line":51,"column":47}},"8":{"start":{"line":52,"column":27},"end":{"line":52,"column":40}},"9":{"start":{"line":53,"column":31},"end":{"line":53,"column":43}},"10":{"start":{"line":54,"column":44},"end":{"line":54,"column":57}},"11":{"start":{"line":56,"column":22},"end":{"line":58,"column":2}},"12":{"start":{"line":57,"column":2},"end":{"line":57,"column":30}},"13":{"start":{"line":60,"column":22},"end":{"line":62,"column":2}},"14":{"start":{"line":61,"column":2},"end":{"line":61,"column":30}},"15":{"start":{"line":64,"column":23},"end":{"line":66,"column":2}},"16":{"start":{"line":65,"column":2},"end":{"line":65,"column":31}},"17":{"start":{"line":68,"column":22},"end":{"line":70,"column":2}},"18":{"start":{"line":69,"column":2},"end":{"line":69,"column":30}},"19":{"start":{"line":72,"column":19},"end":{"line":74,"column":2}},"20":{"start":{"line":73,"column":2},"end":{"line":73,"column":27}},"21":{"start":{"line":76,"column":18},"end":{"line":78,"column":2}},"22":{"start":{"line":77,"column":2},"end":{"line":77,"column":26}},"23":{"start":{"line":80,"column":16},"end":{"line":90,"column":5}},"24":{"start":{"line":82,"column":8},"end":{"line":89,"column":9}},"25":{"start":{"line":83,"column":13},"end":{"line":83,"column":83}},"26":{"start":{"line":84,"column":16},"end":{"line":84,"column":40}},"27":{"start":{"line":85,"column":2},"end":{"line":85,"column":27}},"28":{"start":{"line":86,"column":2},"end":{"line":86,"column":23}},"29":{"start":{"line":88,"column":12},"end":{"line":88,"column":31}},"30":{"start":{"line":92,"column":1},"end":{"line":168,"column":2}}},"fnMap":{"0":{"name":"RegisterComponent","decl":{"start":{"line":44,"column":9},"end":{"line":44,"column":26}},"loc":{"start":{"line":44,"column":50},"end":{"line":169,"column":1}},"line":44},"1":{"name":"(anonymous_1)","decl":{"start":{"line":56,"column":22},"end":{"line":56,"column":23}},"loc":{"start":{"line":56,"column":34},"end":{"line":58,"column":2}},"line":56},"2":{"name":"(anonymous_2)","decl":{"start":{"line":60,"column":22},"end":{"line":60,"column":23}},"loc":{"start":{"line":60,"column":34},"end":{"line":62,"column":2}},"line":60},"3":{"name":"(anonymous_3)","decl":{"start":{"line":64,"column":23},"end":{"line":64,"column":24}},"loc":{"start":{"line":64,"column":35},"end":{"line":66,"column":2}},"line":64},"4":{"name":"(anonymous_4)","decl":{"start":{"line":68,"column":22},"end":{"line":68,"column":23}},"loc":{"start":{"line":68,"column":34},"end":{"line":70,"column":2}},"line":68},"5":{"name":"(anonymous_5)","decl":{"start":{"line":72,"column":19},"end":{"line":72,"column":20}},"loc":{"start":{"line":72,"column":31},"end":{"line":74,"column":2}},"line":72},"6":{"name":"(anonymous_6)","decl":{"start":{"line":76,"column":18},"end":{"line":76,"column":19}},"loc":{"start":{"line":76,"column":30},"end":{"line":78,"column":2}},"line":76},"7":{"name":"(anonymous_7)","decl":{"start":{"line":80,"column":16},"end":{"line":80,"column":17}},"loc":{"start":{"line":80,"column":28},"end":{"line":90,"column":5}},"line":80}},"branchMap":{"0":{"loc":{"start":{"line":158,"column":24},"end":{"line":162,"column":29}},"type":"cond-expr","locations":[{"start":{"line":160,"column":7},"end":{"line":160,"column":55}},{"start":{"line":162,"column":24},"end":{"line":162,"column":29}}],"line":158}},"s":{"0":1,"1":1,"2":1,"3":0,"4":0,"5":0,"6":0,"7":0,"8":0,"9":0,"10":0,"11":0,"12":0,"13":0,"14":0,"15":0,"16":0,"17":0,"18":0,"19":0,"20":0,"21":0,"22":0,"23":0,"24":0,"25":0,"26":0,"27":0,"28":0,"29":0,"30":0},"f":{"0":0,"1":0,"2":0,"3":0,"4":0,"5":0,"6":0,"7":0},"b":{"0":[0,0]},"_coverageSchema":"43e27e138ebf9cfc5966b082cf9a028302ed4184","hash":"1c163389739c0d7460ead69216dcb4f0a0d42342"}
,"C:\\Revature\\200406-java-react-usf\\Korey_Keipe_P1_UI\\src\\components\\ReimbComponent.tsx": {"path":"C:\\Revature\\200406-java-react-usf\\Korey_Keipe_P1_UI\\src\\components\\ReimbComponent.tsx","statementMap":{"0":{"start":{"line":15,"column":16},"end":{"line":15,"column":25}},"1":{"start":{"line":16,"column":15},"end":{"line":16,"column":24}},"2":{"start":{"line":22,"column":18},"end":{"line":68,"column":3}},"3":{"start":{"line":23,"column":1},"end":{"line":68,"column":2}},"4":{"start":{"line":72,"column":18},"end":{"line":72,"column":29}},"5":{"start":{"line":74,"column":38},"end":{"line":74,"column":61}},"6":{"start":{"line":75,"column":42},"end":{"line":75,"column":53}},"7":{"start":{"line":76,"column":38},"end":{"line":76,"column":49}},"8":{"start":{"line":79,"column":22},"end":{"line":79,"column":24}},"9":{"start":{"line":81,"column":29},"end":{"line":83,"column":3}},"10":{"start":{"line":82,"column":3},"end":{"line":82,"column":34}},"11":{"start":{"line":85,"column":27},"end":{"line":87,"column":1}},"12":{"start":{"line":86,"column":1},"end":{"line":86,"column":30}},"13":{"start":{"line":88,"column":2},"end":{"line":172,"column":30}},"14":{"start":{"line":92,"column":19},"end":{"line":92,"column":36}},"15":{"start":{"line":94,"column":4},"end":{"line":167,"column":3}},"16":{"start":{"line":95,"column":3},"end":{"line":166,"column":5}},"17":{"start":{"line":96,"column":5},"end":{"line":166,"column":4}},"18":{"start":{"line":97,"column":3},"end":{"line":165,"column":4}},"19":{"start":{"line":104,"column":53},"end":{"line":104,"column":81}},"20":{"start":{"line":105,"column":36},"end":{"line":105,"column":65}},"21":{"start":{"line":106,"column":36},"end":{"line":106,"column":58}},"22":{"start":{"line":168,"column":2},"end":{"line":168,"column":24}},"23":{"start":{"line":170,"column":1},"end":{"line":170,"column":13}},"24":{"start":{"line":174,"column":1},"end":{"line":211,"column":2}}},"fnMap":{"0":{"name":"(anonymous_0)","decl":{"start":{"line":22,"column":29},"end":{"line":22,"column":30}},"loc":{"start":{"line":23,"column":1},"end":{"line":68,"column":2}},"line":23},"1":{"name":"ReimbComponent","decl":{"start":{"line":70,"column":9},"end":{"line":70,"column":23}},"loc":{"start":{"line":70,"column":44},"end":{"line":212,"column":1}},"line":70},"2":{"name":"(anonymous_2)","decl":{"start":{"line":81,"column":29},"end":{"line":81,"column":30}},"loc":{"start":{"line":81,"column":41},"end":{"line":83,"column":3}},"line":81},"3":{"name":"(anonymous_3)","decl":{"start":{"line":85,"column":27},"end":{"line":85,"column":28}},"loc":{"start":{"line":85,"column":39},"end":{"line":87,"column":1}},"line":85},"4":{"name":"(anonymous_4)","decl":{"start":{"line":88,"column":12},"end":{"line":88,"column":13}},"loc":{"start":{"line":88,"column":18},"end":{"line":172,"column":1}},"line":88},"5":{"name":"fetchData","decl":{"start":{"line":90,"column":18},"end":{"line":90,"column":27}},"loc":{"start":{"line":90,"column":30},"end":{"line":169,"column":2}},"line":90},"6":{"name":"(anonymous_6)","decl":{"start":{"line":103,"column":58},"end":{"line":103,"column":59}},"loc":{"start":{"line":103,"column":70},"end":{"line":107,"column":33}},"line":103}},"branchMap":{"0":{"loc":{"start":{"line":95,"column":3},"end":{"line":166,"column":5}},"type":"if","locations":[{"start":{"line":95,"column":3},"end":{"line":166,"column":5}},{"start":{"line":95,"column":3},"end":{"line":166,"column":5}}],"line":95},"1":{"loc":{"start":{"line":95,"column":6},"end":{"line":95,"column":82}},"type":"binary-expr","locations":[{"start":{"line":95,"column":6},"end":{"line":95,"column":35}},{"start":{"line":95,"column":39},"end":{"line":95,"column":82}}],"line":95},"2":{"loc":{"start":{"line":96,"column":5},"end":{"line":166,"column":4}},"type":"if","locations":[{"start":{"line":96,"column":5},"end":{"line":166,"column":4}},{"start":{"line":96,"column":5},"end":{"line":166,"column":4}}],"line":96},"3":{"loc":{"start":{"line":96,"column":8},"end":{"line":96,"column":119}},"type":"binary-expr","locations":[{"start":{"line":96,"column":9},"end":{"line":96,"column":41}},{"start":{"line":96,"column":45},"end":{"line":96,"column":63}},{"start":{"line":96,"column":70},"end":{"line":96,"column":98}},{"start":{"line":96,"column":102},"end":{"line":96,"column":118}}],"line":96},"4":{"loc":{"start":{"line":130,"column":12},"end":{"line":139,"column":32}},"type":"cond-expr","locations":[{"start":{"line":131,"column":12},"end":{"line":131,"column":34}},{"start":{"line":133,"column":12},"end":{"line":139,"column":32}}],"line":130},"5":{"loc":{"start":{"line":133,"column":12},"end":{"line":139,"column":32}},"type":"cond-expr","locations":[{"start":{"line":134,"column":12},"end":{"line":134,"column":33}},{"start":{"line":136,"column":12},"end":{"line":139,"column":32}}],"line":133},"6":{"loc":{"start":{"line":136,"column":12},"end":{"line":139,"column":32}},"type":"cond-expr","locations":[{"start":{"line":137,"column":12},"end":{"line":137,"column":31}},{"start":{"line":139,"column":12},"end":{"line":139,"column":32}}],"line":136},"7":{"loc":{"start":{"line":144,"column":12},"end":{"line":150,"column":35}},"type":"cond-expr","locations":[{"start":{"line":145,"column":12},"end":{"line":145,"column":36}},{"start":{"line":147,"column":12},"end":{"line":150,"column":35}}],"line":144},"8":{"loc":{"start":{"line":147,"column":12},"end":{"line":150,"column":35}},"type":"cond-expr","locations":[{"start":{"line":148,"column":12},"end":{"line":148,"column":37}},{"start":{"line":150,"column":12},"end":{"line":150,"column":35}}],"line":147}},"s":{"0":1,"1":1,"2":1,"3":0,"4":0,"5":0,"6":0,"7":0,"8":0,"9":0,"10":0,"11":0,"12":0,"13":0,"14":0,"15":0,"16":0,"17":0,"18":0,"19":0,"20":0,"21":0,"22":0,"23":0,"24":0},"f":{"0":0,"1":0,"2":0,"3":0,"4":0,"5":0,"6":0},"b":{"0":[0,0],"1":[0,0],"2":[0,0],"3":[0,0,0,0],"4":[0,0],"5":[0,0],"6":[0,0],"7":[0,0],"8":[0,0]},"_coverageSchema":"43e27e138ebf9cfc5966b082cf9a028302ed4184","hash":"c2dc19197d5510ead0cbe06a2c7cc3e8eeb75a4c"}
,"C:\\Revature\\200406-java-react-usf\\Korey_Keipe_P1_UI\\src\\components\\SubmitReimbComp.tsx": {"path":"C:\\Revature\\200406-java-react-usf\\Korey_Keipe_P1_UI\\src\\components\\SubmitReimbComp.tsx","statementMap":{"0":{"start":{"line":18,"column":16},"end":{"line":18,"column":25}},"1":{"start":{"line":19,"column":15},"end":{"line":19,"column":24}},"2":{"start":{"line":26,"column":18},"end":{"line":42,"column":2}},"3":{"start":{"line":46,"column":17},"end":{"line":46,"column":28}},"4":{"start":{"line":48,"column":29},"end":{"line":48,"column":43}},"5":{"start":{"line":49,"column":39},"end":{"line":49,"column":51}},"6":{"start":{"line":50,"column":33},"end":{"line":50,"column":66}},"7":{"start":{"line":51,"column":32},"end":{"line":51,"column":43}},"8":{"start":{"line":52,"column":28},"end":{"line":52,"column":40}},"9":{"start":{"line":53,"column":41},"end":{"line":53,"column":53}},"10":{"start":{"line":55,"column":20},"end":{"line":57,"column":2}},"11":{"start":{"line":56,"column":2},"end":{"line":56,"column":28}},"12":{"start":{"line":59,"column":25},"end":{"line":61,"column":2}},"13":{"start":{"line":60,"column":2},"end":{"line":60,"column":33}},"14":{"start":{"line":63,"column":18},"end":{"line":65,"column":2}},"15":{"start":{"line":64,"column":2},"end":{"line":64,"column":26}},"16":{"start":{"line":67,"column":14},"end":{"line":77,"column":2}},"17":{"start":{"line":69,"column":2},"end":{"line":76,"column":3}},"18":{"start":{"line":70,"column":14},"end":{"line":70,"column":67}},"19":{"start":{"line":71,"column":17},"end":{"line":71,"column":41}},"20":{"start":{"line":72,"column":2},"end":{"line":72,"column":29}},"21":{"start":{"line":73,"column":2},"end":{"line":73,"column":24}},"22":{"start":{"line":75,"column":3},"end":{"line":75,"column":21}},"23":{"start":{"line":79,"column":1},"end":{"line":127,"column":3}}},"fnMap":{"0":{"name":"SubmitReimbComp","decl":{"start":{"line":44,"column":9},"end":{"line":44,"column":24}},"loc":{"start":{"line":44,"column":51},"end":{"line":128,"column":1}},"line":44},"1":{"name":"(anonymous_1)","decl":{"start":{"line":55,"column":20},"end":{"line":55,"column":21}},"loc":{"start":{"line":55,"column":32},"end":{"line":57,"column":2}},"line":55},"2":{"name":"(anonymous_2)","decl":{"start":{"line":59,"column":25},"end":{"line":59,"column":26}},"loc":{"start":{"line":59,"column":37},"end":{"line":61,"column":2}},"line":59},"3":{"name":"(anonymous_3)","decl":{"start":{"line":63,"column":18},"end":{"line":63,"column":19}},"loc":{"start":{"line":63,"column":30},"end":{"line":65,"column":2}},"line":63},"4":{"name":"(anonymous_4)","decl":{"start":{"line":67,"column":14},"end":{"line":67,"column":15}},"loc":{"start":{"line":67,"column":26},"end":{"line":77,"column":2}},"line":67}},"branchMap":{"0":{"loc":{"start":{"line":117,"column":7},"end":{"line":121,"column":12}},"type":"cond-expr","locations":[{"start":{"line":119,"column":8},"end":{"line":119,"column":56}},{"start":{"line":121,"column":7},"end":{"line":121,"column":12}}],"line":117}},"s":{"0":1,"1":1,"2":1,"3":0,"4":0,"5":0,"6":0,"7":0,"8":0,"9":0,"10":0,"11":0,"12":0,"13":0,"14":0,"15":0,"16":0,"17":0,"18":0,"19":0,"20":0,"21":0,"22":0,"23":0},"f":{"0":0,"1":0,"2":0,"3":0,"4":0},"b":{"0":[0,0]},"_coverageSchema":"43e27e138ebf9cfc5966b082cf9a028302ed4184","hash":"3eea49d544552aa6656e17c4d9ba534a831c9d87"}
,"C:\\Revature\\200406-java-react-usf\\Korey_Keipe_P1_UI\\src\\components\\UpdateReimbComp.tsx": {"path":"C:\\Revature\\200406-java-react-usf\\Korey_Keipe_P1_UI\\src\\components\\UpdateReimbComp.tsx","statementMap":{"0":{"start":{"line":17,"column":16},"end":{"line":17,"column":25}},"1":{"start":{"line":18,"column":15},"end":{"line":18,"column":24}},"2":{"start":{"line":27,"column":18},"end":{"line":43,"column":2}},"3":{"start":{"line":47,"column":17},"end":{"line":47,"column":28}},"4":{"start":{"line":49,"column":21},"end":{"line":49,"column":49}},"5":{"start":{"line":50,"column":29},"end":{"line":50,"column":61}},"6":{"start":{"line":51,"column":35},"end":{"line":51,"column":70}},"7":{"start":{"line":52,"column":33},"end":{"line":52,"column":67}},"8":{"start":{"line":53,"column":39},"end":{"line":53,"column":76}},"9":{"start":{"line":54,"column":33},"end":{"line":54,"column":68}},"10":{"start":{"line":55,"column":39},"end":{"line":55,"column":76}},"11":{"start":{"line":56,"column":32},"end":{"line":56,"column":67}},"12":{"start":{"line":57,"column":28},"end":{"line":57,"column":62}},"13":{"start":{"line":58,"column":41},"end":{"line":58,"column":53}},"14":{"start":{"line":60,"column":20},"end":{"line":62,"column":2}},"15":{"start":{"line":61,"column":2},"end":{"line":61,"column":28}},"16":{"start":{"line":64,"column":25},"end":{"line":66,"column":2}},"17":{"start":{"line":65,"column":2},"end":{"line":65,"column":33}},"18":{"start":{"line":68,"column":18},"end":{"line":70,"column":2}},"19":{"start":{"line":69,"column":2},"end":{"line":69,"column":26}},"20":{"start":{"line":72,"column":20},"end":{"line":74,"column":2}},"21":{"start":{"line":73,"column":2},"end":{"line":73,"column":28}},"22":{"start":{"line":76,"column":14},"end":{"line":86,"column":5}},"23":{"start":{"line":78,"column":2},"end":{"line":85,"column":3}},"24":{"start":{"line":79,"column":14},"end":{"line":79,"column":113}},"25":{"start":{"line":80,"column":17},"end":{"line":80,"column":41}},"26":{"start":{"line":81,"column":2},"end":{"line":81,"column":29}},"27":{"start":{"line":82,"column":2},"end":{"line":82,"column":24}},"28":{"start":{"line":84,"column":3},"end":{"line":84,"column":21}},"29":{"start":{"line":88,"column":1},"end":{"line":154,"column":3}}},"fnMap":{"0":{"name":"UpdateReimbComp","decl":{"start":{"line":45,"column":9},"end":{"line":45,"column":24}},"loc":{"start":{"line":45,"column":51},"end":{"line":155,"column":1}},"line":45},"1":{"name":"(anonymous_1)","decl":{"start":{"line":60,"column":20},"end":{"line":60,"column":21}},"loc":{"start":{"line":60,"column":32},"end":{"line":62,"column":2}},"line":60},"2":{"name":"(anonymous_2)","decl":{"start":{"line":64,"column":25},"end":{"line":64,"column":26}},"loc":{"start":{"line":64,"column":37},"end":{"line":66,"column":2}},"line":64},"3":{"name":"(anonymous_3)","decl":{"start":{"line":68,"column":18},"end":{"line":68,"column":19}},"loc":{"start":{"line":68,"column":30},"end":{"line":70,"column":2}},"line":68},"4":{"name":"(anonymous_4)","decl":{"start":{"line":72,"column":20},"end":{"line":72,"column":21}},"loc":{"start":{"line":72,"column":32},"end":{"line":74,"column":2}},"line":72},"5":{"name":"(anonymous_5)","decl":{"start":{"line":76,"column":14},"end":{"line":76,"column":15}},"loc":{"start":{"line":76,"column":26},"end":{"line":86,"column":5}},"line":76}},"branchMap":{"0":{"loc":{"start":{"line":125,"column":8},"end":{"line":135,"column":11}},"type":"cond-expr","locations":[{"start":{"line":126,"column":6},"end":{"line":133,"column":20}},{"start":{"line":135,"column":6},"end":{"line":135,"column":11}}],"line":125},"1":{"loc":{"start":{"line":137,"column":8},"end":{"line":139,"column":14}},"type":"cond-expr","locations":[{"start":{"line":138,"column":7},"end":{"line":138,"column":86}},{"start":{"line":139,"column":9},"end":{"line":139,"column":14}}],"line":137},"2":{"loc":{"start":{"line":144,"column":7},"end":{"line":148,"column":12}},"type":"cond-expr","locations":[{"start":{"line":146,"column":8},"end":{"line":146,"column":56}},{"start":{"line":148,"column":7},"end":{"line":148,"column":12}}],"line":144}},"s":{"0":1,"1":1,"2":1,"3":0,"4":0,"5":0,"6":0,"7":0,"8":0,"9":0,"10":0,"11":0,"12":0,"13":0,"14":0,"15":0,"16":0,"17":0,"18":0,"19":0,"20":0,"21":0,"22":0,"23":0,"24":0,"25":0,"26":0,"27":0,"28":0,"29":0},"f":{"0":0,"1":0,"2":0,"3":0,"4":0,"5":0},"b":{"0":[0,0],"1":[0,0],"2":[0,0]},"_coverageSchema":"43e27e138ebf9cfc5966b082cf9a028302ed4184","hash":"882a082102c56c2172bc9e3d89de19b82b8da9a1"}
,"C:\\Revature\\200406-java-react-usf\\Korey_Keipe_P1_UI\\src\\components\\UpdateUserComp.tsx": {"path":"C:\\Revature\\200406-java-react-usf\\Korey_Keipe_P1_UI\\src\\components\\UpdateUserComp.tsx","statementMap":{"0":{"start":{"line":17,"column":16},"end":{"line":17,"column":25}},"1":{"start":{"line":18,"column":15},"end":{"line":18,"column":24}},"2":{"start":{"line":29,"column":19},"end":{"line":45,"column":3}},"3":{"start":{"line":47,"column":18},"end":{"line":47,"column":29}},"4":{"start":{"line":49,"column":31},"end":{"line":49,"column":63}},"5":{"start":{"line":50,"column":34},"end":{"line":50,"column":67}},"6":{"start":{"line":51,"column":34},"end":{"line":51,"column":67}},"7":{"start":{"line":52,"column":37},"end":{"line":52,"column":72}},"8":{"start":{"line":53,"column":35},"end":{"line":53,"column":70}},"9":{"start":{"line":54,"column":28},"end":{"line":54,"column":59}},"10":{"start":{"line":55,"column":29},"end":{"line":55,"column":62}},"11":{"start":{"line":56,"column":42},"end":{"line":56,"column":55}},"12":{"start":{"line":58,"column":23},"end":{"line":60,"column":3}},"13":{"start":{"line":59,"column":3},"end":{"line":59,"column":31}},"14":{"start":{"line":62,"column":23},"end":{"line":64,"column":3}},"15":{"start":{"line":63,"column":3},"end":{"line":63,"column":31}},"16":{"start":{"line":66,"column":24},"end":{"line":68,"column":3}},"17":{"start":{"line":67,"column":3},"end":{"line":67,"column":32}},"18":{"start":{"line":70,"column":23},"end":{"line":72,"column":3}},"19":{"start":{"line":71,"column":3},"end":{"line":71,"column":31}},"20":{"start":{"line":74,"column":20},"end":{"line":76,"column":3}},"21":{"start":{"line":75,"column":3},"end":{"line":75,"column":28}},"22":{"start":{"line":78,"column":19},"end":{"line":80,"column":3}},"23":{"start":{"line":79,"column":3},"end":{"line":79,"column":27}},"24":{"start":{"line":82,"column":15},"end":{"line":91,"column":3}},"25":{"start":{"line":84,"column":3},"end":{"line":90,"column":4}},"26":{"start":{"line":85,"column":19},"end":{"line":85,"column":95}},"27":{"start":{"line":86,"column":21},"end":{"line":86,"column":48}},"28":{"start":{"line":87,"column":3},"end":{"line":87,"column":32}},"29":{"start":{"line":89,"column":4},"end":{"line":89,"column":23}},"30":{"start":{"line":93,"column":15},"end":{"line":101,"column":3}},"31":{"start":{"line":95,"column":3},"end":{"line":100,"column":4}},"32":{"start":{"line":96,"column":19},"end":{"line":96,"column":59}},"33":{"start":{"line":97,"column":4},"end":{"line":97,"column":20}},"34":{"start":{"line":99,"column":4},"end":{"line":99,"column":23}},"35":{"start":{"line":103,"column":1},"end":{"line":183,"column":3}}},"fnMap":{"0":{"name":"UpdateUserComp","decl":{"start":{"line":27,"column":9},"end":{"line":27,"column":23}},"loc":{"start":{"line":27,"column":50},"end":{"line":184,"column":1}},"line":27},"1":{"name":"(anonymous_1)","decl":{"start":{"line":58,"column":23},"end":{"line":58,"column":24}},"loc":{"start":{"line":58,"column":35},"end":{"line":60,"column":3}},"line":58},"2":{"name":"(anonymous_2)","decl":{"start":{"line":62,"column":23},"end":{"line":62,"column":24}},"loc":{"start":{"line":62,"column":35},"end":{"line":64,"column":3}},"line":62},"3":{"name":"(anonymous_3)","decl":{"start":{"line":66,"column":24},"end":{"line":66,"column":25}},"loc":{"start":{"line":66,"column":36},"end":{"line":68,"column":3}},"line":66},"4":{"name":"(anonymous_4)","decl":{"start":{"line":70,"column":23},"end":{"line":70,"column":24}},"loc":{"start":{"line":70,"column":35},"end":{"line":72,"column":3}},"line":70},"5":{"name":"(anonymous_5)","decl":{"start":{"line":74,"column":20},"end":{"line":74,"column":21}},"loc":{"start":{"line":74,"column":32},"end":{"line":76,"column":3}},"line":74},"6":{"name":"(anonymous_6)","decl":{"start":{"line":78,"column":19},"end":{"line":78,"column":20}},"loc":{"start":{"line":78,"column":31},"end":{"line":80,"column":3}},"line":78},"7":{"name":"(anonymous_7)","decl":{"start":{"line":82,"column":15},"end":{"line":82,"column":16}},"loc":{"start":{"line":82,"column":27},"end":{"line":91,"column":3}},"line":82},"8":{"name":"(anonymous_8)","decl":{"start":{"line":93,"column":15},"end":{"line":93,"column":16}},"loc":{"start":{"line":93,"column":27},"end":{"line":101,"column":3}},"line":93}},"branchMap":{"0":{"loc":{"start":{"line":169,"column":9},"end":{"line":172,"column":12}},"type":"cond-expr","locations":[{"start":{"line":170,"column":7},"end":{"line":170,"column":86}},{"start":{"line":172,"column":7},"end":{"line":172,"column":12}}],"line":169},"1":{"loc":{"start":{"line":174,"column":7},"end":{"line":178,"column":12}},"type":"cond-expr","locations":[{"start":{"line":176,"column":7},"end":{"line":176,"column":55}},{"start":{"line":178,"column":7},"end":{"line":178,"column":12}}],"line":174}},"s":{"0":1,"1":1,"2":0,"3":0,"4":0,"5":0,"6":0,"7":0,"8":0,"9":0,"10":0,"11":0,"12":0,"13":0,"14":0,"15":0,"16":0,"17":0,"18":0,"19":0,"20":0,"21":0,"22":0,"23":0,"24":0,"25":0,"26":0,"27":0,"28":0,"29":0,"30":0,"31":0,"32":0,"33":0,"34":0,"35":0},"f":{"0":0,"1":0,"2":0,"3":0,"4":0,"5":0,"6":0,"7":0,"8":0},"b":{"0":[0,0],"1":[0,0]},"_coverageSchema":"43e27e138ebf9cfc5966b082cf9a028302ed4184","hash":"0ba2c779420fb1fb83896bb252e63dd81ee8312e"}
,"C:\\Revature\\200406-java-react-usf\\Korey_Keipe_P1_UI\\src\\components\\UserComponent.tsx": {"path":"C:\\Revature\\200406-java-react-usf\\Korey_Keipe_P1_UI\\src\\components\\UserComponent.tsx","statementMap":{"0":{"start":{"line":10,"column":16},"end":{"line":10,"column":25}},"1":{"start":{"line":11,"column":15},"end":{"line":11,"column":24}},"2":{"start":{"line":17,"column":18},"end":{"line":47,"column":5}},"3":{"start":{"line":18,"column":2},"end":{"line":47,"column":4}},"4":{"start":{"line":49,"column":22},"end":{"line":123,"column":1}},"5":{"start":{"line":51,"column":20},"end":{"line":51,"column":31}},"6":{"start":{"line":53,"column":40},"end":{"line":53,"column":62}},"7":{"start":{"line":55,"column":23},"end":{"line":55,"column":25}},"8":{"start":{"line":57,"column":4},"end":{"line":116,"column":7}},"9":{"start":{"line":60,"column":20},"end":{"line":60,"column":36}},"10":{"start":{"line":62,"column":3},"end":{"line":111,"column":4}},"11":{"start":{"line":63,"column":4},"end":{"line":110,"column":5}},"12":{"start":{"line":69,"column":53},"end":{"line":69,"column":84}},"13":{"start":{"line":70,"column":36},"end":{"line":70,"column":64}},"14":{"start":{"line":71,"column":36},"end":{"line":71,"column":58}},"15":{"start":{"line":112,"column":3},"end":{"line":112,"column":24}},"16":{"start":{"line":114,"column":2},"end":{"line":114,"column":14}},"17":{"start":{"line":118,"column":4},"end":{"line":122,"column":6}}},"fnMap":{"0":{"name":"(anonymous_0)","decl":{"start":{"line":17,"column":29},"end":{"line":17,"column":30}},"loc":{"start":{"line":18,"column":2},"end":{"line":47,"column":4}},"line":18},"1":{"name":"(anonymous_1)","decl":{"start":{"line":49,"column":22},"end":{"line":49,"column":23}},"loc":{"start":{"line":49,"column":45},"end":{"line":123,"column":1}},"line":49},"2":{"name":"(anonymous_2)","decl":{"start":{"line":57,"column":14},"end":{"line":57,"column":15}},"loc":{"start":{"line":57,"column":20},"end":{"line":116,"column":2}},"line":57},"3":{"name":"fetchData","decl":{"start":{"line":58,"column":17},"end":{"line":58,"column":26}},"loc":{"start":{"line":58,"column":29},"end":{"line":113,"column":3}},"line":58},"4":{"name":"(anonymous_4)","decl":{"start":{"line":68,"column":77},"end":{"line":68,"column":78}},"loc":{"start":{"line":68,"column":89},"end":{"line":72,"column":33}},"line":68}},"branchMap":{"0":{"loc":{"start":{"line":97,"column":48},"end":{"line":103,"column":67}},"type":"cond-expr","locations":[{"start":{"line":98,"column":48},"end":{"line":98,"column":68}},{"start":{"line":100,"column":48},"end":{"line":103,"column":67}}],"line":97},"1":{"loc":{"start":{"line":100,"column":48},"end":{"line":103,"column":67}},"type":"cond-expr","locations":[{"start":{"line":101,"column":48},"end":{"line":101,"column":80}},{"start":{"line":103,"column":48},"end":{"line":103,"column":67}}],"line":100}},"s":{"0":1,"1":1,"2":1,"3":0,"4":1,"5":0,"6":0,"7":0,"8":0,"9":0,"10":0,"11":0,"12":0,"13":0,"14":0,"15":0,"16":0,"17":0},"f":{"0":0,"1":0,"2":0,"3":0,"4":0},"b":{"0":[0,0],"1":[0,0]},"_coverageSchema":"43e27e138ebf9cfc5966b082cf9a028302ed4184","hash":"e7b3e8e5b95ec266e6e5dd60d7975fc0c594c4ab"}
,"C:\\Revature\\200406-java-react-usf\\Korey_Keipe_P1_UI\\src\\models\\newReimb.ts": {"path":"C:\\Revature\\200406-java-react-usf\\Korey_Keipe_P1_UI\\src\\models\\newReimb.ts","statementMap":{"0":{"start":{"line":10,"column":2},"end":{"line":10,"column":20}},"1":{"start":{"line":11,"column":2},"end":{"line":11,"column":26}},"2":{"start":{"line":12,"column":2},"end":{"line":12,"column":29}},"3":{"start":{"line":13,"column":2},"end":{"line":13,"column":25}}},"fnMap":{"0":{"name":"(anonymous_0)","decl":{"start":{"line":8,"column":1},"end":{"line":8,"column":2}},"loc":{"start":{"line":8,"column":82},"end":{"line":14,"column":2}},"line":8}},"branchMap":{},"s":{"0":0,"1":0,"2":0,"3":0},"f":{"0":0},"b":{},"_coverageSchema":"43e27e138ebf9cfc5966b082cf9a028302ed4184","hash":"f7076f16dac440cfbc33df8d249915ce791542df"}
,"C:\\Revature\\200406-java-react-usf\\Korey_Keipe_P1_UI\\src\\models\\newUser.ts": {"path":"C:\\Revature\\200406-java-react-usf\\Korey_Keipe_P1_UI\\src\\models\\newUser.ts","statementMap":{"0":{"start":{"line":12,"column":2},"end":{"line":12,"column":27}},"1":{"start":{"line":13,"column":2},"end":{"line":13,"column":27}},"2":{"start":{"line":14,"column":2},"end":{"line":14,"column":31}},"3":{"start":{"line":15,"column":2},"end":{"line":15,"column":29}},"4":{"start":{"line":16,"column":2},"end":{"line":16,"column":21}},"5":{"start":{"line":17,"column":2},"end":{"line":17,"column":25}}},"fnMap":{"0":{"name":"(anonymous_0)","decl":{"start":{"line":10,"column":4},"end":{"line":10,"column":5}},"loc":{"start":{"line":10,"column":123},"end":{"line":18,"column":5}},"line":10}},"branchMap":{},"s":{"0":0,"1":0,"2":0,"3":0,"4":0,"5":0},"f":{"0":0},"b":{},"_coverageSchema":"43e27e138ebf9cfc5966b082cf9a028302ed4184","hash":"c1b3e38736563a6d7ed78e4ba13bd7663a766a0f"}
,"C:\\Revature\\200406-java-react-usf\\Korey_Keipe_P1_UI\\src\\models\\reimb.ts": {"path":"C:\\Revature\\200406-java-react-usf\\Korey_Keipe_P1_UI\\src\\models\\reimb.ts","statementMap":{"0":{"start":{"line":15,"column":2},"end":{"line":15,"column":15}},"1":{"start":{"line":16,"column":2},"end":{"line":16,"column":20}},"2":{"start":{"line":17,"column":2},"end":{"line":17,"column":23}},"3":{"start":{"line":18,"column":2},"end":{"line":18,"column":22}},"4":{"start":{"line":19,"column":2},"end":{"line":19,"column":26}},"5":{"start":{"line":20,"column":2},"end":{"line":20,"column":24}},"6":{"start":{"line":21,"column":2},"end":{"line":21,"column":30}},"7":{"start":{"line":22,"column":2},"end":{"line":22,"column":24}},"8":{"start":{"line":23,"column":2},"end":{"line":23,"column":22}}},"fnMap":{"0":{"name":"(anonymous_0)","decl":{"start":{"line":13,"column":1},"end":{"line":13,"column":2}},"loc":{"start":{"line":13,"column":132},"end":{"line":24,"column":2}},"line":13}},"branchMap":{},"s":{"0":0,"1":0,"2":0,"3":0,"4":0,"5":0,"6":0,"7":0,"8":0},"f":{"0":0},"b":{},"_coverageSchema":"43e27e138ebf9cfc5966b082cf9a028302ed4184","hash":"c0da27c5665b2bdc63db5fdbf3edbdced8182a92"}
,"C:\\Revature\\200406-java-react-usf\\Korey_Keipe_P1_UI\\src\\models\\user.ts": {"path":"C:\\Revature\\200406-java-react-usf\\Korey_Keipe_P1_UI\\src\\models\\user.ts","statementMap":{"0":{"start":{"line":11,"column":8},"end":{"line":11,"column":31}},"1":{"start":{"line":12,"column":8},"end":{"line":12,"column":27}},"2":{"start":{"line":13,"column":8},"end":{"line":13,"column":27}},"3":{"start":{"line":14,"column":8},"end":{"line":14,"column":29}},"4":{"start":{"line":15,"column":2},"end":{"line":15,"column":22}},"5":{"start":{"line":16,"column":2},"end":{"line":16,"column":21}},"6":{"start":{"line":17,"column":2},"end":{"line":17,"column":25}}},"fnMap":{"0":{"name":"(anonymous_0)","decl":{"start":{"line":10,"column":4},"end":{"line":10,"column":5}},"loc":{"start":{"line":10,"column":113},"end":{"line":18,"column":5}},"line":10}},"branchMap":{},"s":{"0":0,"1":0,"2":0,"3":0,"4":0,"5":0,"6":0},"f":{"0":0},"b":{},"_coverageSchema":"43e27e138ebf9cfc5966b082cf9a028302ed4184","hash":"ecfa827a53d6767da1b90e23f924a79b4dfd38e5"}
,"C:\\Revature\\200406-java-react-usf\\Korey_Keipe_P1_UI\\src\\remote\\auth-service.ts": {"path":"C:\\Revature\\200406-java-react-usf\\Korey_Keipe_P1_UI\\src\\remote\\auth-service.ts","statementMap":{"0":{"start":{"line":7,"column":19},"end":{"line":7,"column":73}},"1":{"start":{"line":8,"column":4},"end":{"line":8,"column":31}}},"fnMap":{"0":{"name":"authenticate","decl":{"start":{"line":6,"column":22},"end":{"line":6,"column":34}},"loc":{"start":{"line":6,"column":86},"end":{"line":9,"column":1}},"line":6}},"branchMap":{},"s":{"0":0,"1":0},"f":{"0":0},"b":{},"_coverageSchema":"43e27e138ebf9cfc5966b082cf9a028302ed4184","hash":"ca60491ae73a36cebcd501f6913814f7bac95e25"}
,"C:\\Revature\\200406-java-react-usf\\Korey_Keipe_P1_UI\\src\\remote\\client.ts": {"path":"C:\\Revature\\200406-java-react-usf\\Korey_Keipe_P1_UI\\src\\remote\\client.ts","statementMap":{"0":{"start":{"line":4,"column":28},"end":{"line":10,"column":2}},"1":{"start":{"line":12,"column":27},"end":{"line":18,"column":2}}},"fnMap":{},"branchMap":{},"s":{"0":1,"1":1},"f":{},"b":{},"_coverageSchema":"43e27e138ebf9cfc5966b082cf9a028302ed4184","hash":"c829418e2bdab905c47a129a647b61a4fafa6cdf"}
,"C:\\Revature\\200406-java-react-usf\\Korey_Keipe_P1_UI\\src\\remote\\reimb-service.ts": {"path":"C:\\Revature\\200406-java-react-usf\\Korey_Keipe_P1_UI\\src\\remote\\reimb-service.ts","statementMap":{"0":{"start":{"line":6,"column":20},"end":{"line":6,"column":32}},"1":{"start":{"line":8,"column":25},"end":{"line":12,"column":1}},"2":{"start":{"line":10,"column":16},"end":{"line":10,"column":58}},"3":{"start":{"line":11,"column":1},"end":{"line":11,"column":22}},"4":{"start":{"line":14,"column":27},"end":{"line":24,"column":1}},"5":{"start":{"line":16,"column":16},"end":{"line":22,"column":3}},"6":{"start":{"line":23,"column":1},"end":{"line":23,"column":22}},"7":{"start":{"line":26,"column":28},"end":{"line":30,"column":1}},"8":{"start":{"line":28,"column":16},"end":{"line":28,"column":64}},"9":{"start":{"line":29,"column":1},"end":{"line":29,"column":22}},"10":{"start":{"line":32,"column":27},"end":{"line":47,"column":1}},"11":{"start":{"line":34,"column":16},"end":{"line":45,"column":3}},"12":{"start":{"line":46,"column":1},"end":{"line":46,"column":22}}},"fnMap":{"0":{"name":"(anonymous_0)","decl":{"start":{"line":8,"column":25},"end":{"line":8,"column":26}},"loc":{"start":{"line":8,"column":37},"end":{"line":12,"column":1}},"line":8},"1":{"name":"(anonymous_1)","decl":{"start":{"line":14,"column":27},"end":{"line":14,"column":28}},"loc":{"start":{"line":14,"column":57},"end":{"line":24,"column":1}},"line":14},"2":{"name":"(anonymous_2)","decl":{"start":{"line":26,"column":28},"end":{"line":26,"column":29}},"loc":{"start":{"line":26,"column":50},"end":{"line":30,"column":1}},"line":26},"3":{"name":"(anonymous_3)","decl":{"start":{"line":32,"column":27},"end":{"line":32,"column":28}},"loc":{"start":{"line":32,"column":58},"end":{"line":47,"column":1}},"line":32}},"branchMap":{},"s":{"0":1,"1":1,"2":0,"3":0,"4":1,"5":0,"6":0,"7":1,"8":0,"9":0,"10":1,"11":0,"12":0},"f":{"0":0,"1":0,"2":0,"3":0},"b":{},"_coverageSchema":"43e27e138ebf9cfc5966b082cf9a028302ed4184","hash":"a679a52182a3f282e70d846fbcb72679f4e57d0b"}
,"C:\\Revature\\200406-java-react-usf\\Korey_Keipe_P1_UI\\src\\remote\\user-service.ts": {"path":"C:\\Revature\\200406-java-react-usf\\Korey_Keipe_P1_UI\\src\\remote\\user-service.ts","statementMap":{"0":{"start":{"line":6,"column":20},"end":{"line":6,"column":32}},"1":{"start":{"line":8,"column":24},"end":{"line":12,"column":1}},"2":{"start":{"line":10,"column":13},"end":{"line":10,"column":46}},"3":{"start":{"line":11,"column":1},"end":{"line":11,"column":19}},"4":{"start":{"line":14,"column":22},"end":{"line":16,"column":1}},"5":{"start":{"line":15,"column":1},"end":{"line":15,"column":34}},"6":{"start":{"line":20,"column":16},"end":{"line":27,"column":4}},"7":{"start":{"line":28,"column":1},"end":{"line":28,"column":28}},"8":{"start":{"line":31,"column":26},"end":{"line":44,"column":1}},"9":{"start":{"line":33,"column":16},"end":{"line":42,"column":4}},"10":{"start":{"line":43,"column":1},"end":{"line":43,"column":28}},"11":{"start":{"line":46,"column":27},"end":{"line":50,"column":1}},"12":{"start":{"line":48,"column":16},"end":{"line":48,"column":60}},"13":{"start":{"line":49,"column":1},"end":{"line":49,"column":22}},"14":{"start":{"line":52,"column":26},"end":{"line":56,"column":1}},"15":{"start":{"line":54,"column":16},"end":{"line":54,"column":63}},"16":{"start":{"line":55,"column":1},"end":{"line":55,"column":22}}},"fnMap":{"0":{"name":"(anonymous_0)","decl":{"start":{"line":8,"column":24},"end":{"line":8,"column":25}},"loc":{"start":{"line":8,"column":36},"end":{"line":12,"column":1}},"line":8},"1":{"name":"(anonymous_1)","decl":{"start":{"line":14,"column":22},"end":{"line":14,"column":23}},"loc":{"start":{"line":14,"column":34},"end":{"line":16,"column":1}},"line":14},"2":{"name":"registerUser","decl":{"start":{"line":18,"column":22},"end":{"line":18,"column":34}},"loc":{"start":{"line":18,"column":53},"end":{"line":29,"column":1}},"line":18},"3":{"name":"(anonymous_3)","decl":{"start":{"line":31,"column":26},"end":{"line":31,"column":27}},"loc":{"start":{"line":31,"column":55},"end":{"line":44,"column":1}},"line":31},"4":{"name":"(anonymous_4)","decl":{"start":{"line":46,"column":27},"end":{"line":46,"column":28}},"loc":{"start":{"line":46,"column":54},"end":{"line":50,"column":1}},"line":46},"5":{"name":"(anonymous_5)","decl":{"start":{"line":52,"column":26},"end":{"line":52,"column":27}},"loc":{"start":{"line":52,"column":53},"end":{"line":56,"column":1}},"line":52}},"branchMap":{},"s":{"0":1,"1":1,"2":0,"3":0,"4":1,"5":0,"6":0,"7":0,"8":1,"9":0,"10":0,"11":1,"12":0,"13":0,"14":1,"15":0,"16":0},"f":{"0":0,"1":0,"2":0,"3":0,"4":0,"5":0},"b":{},"_coverageSchema":"43e27e138ebf9cfc5966b082cf9a028302ed4184","hash":"f33c974ebda4555f6a61c634e96f510ca1397337"}
}
