TN:
SF:C:\Revature\200406-java-react-usf\Korey_Keipe_P1_UI\src\App.tsx
FN:17,App
FN:48,(anonymous_1)
FN:49,(anonymous_2)
FN:50,(anonymous_3)
FN:51,(anonymous_4)
FN:52,(anonymous_5)
FN:53,(anonymous_6)
FN:54,(anonymous_7)
FN:55,(anonymous_8)
FN:56,(anonymous_9)
FNF:10
FNH:2
FNDA:1,App
FNDA:0,(anonymous_1)
FNDA:1,(anonymous_2)
FNDA:0,(anonymous_3)
FNDA:0,(anonymous_4)
FNDA:0,(anonymous_5)
FNDA:0,(anonymous_6)
FNDA:0,(anonymous_7)
FNDA:0,(anonymous_8)
FNDA:0,(anonymous_9)
DA:20,1
DA:22,1
DA:24,1
DA:26,1
DA:28,1
DA:30,1
DA:32,1
DA:48,0
DA:49,1
DA:50,0
DA:51,0
DA:52,0
DA:53,0
DA:54,0
DA:55,0
DA:56,0
LF:16
LH:8
BRDA:45,0,0,1
BRDA:45,0,1,0
BRF:2
BRH:1
end_of_record
TN:
SF:C:\Revature\200406-java-react-usf\Korey_Keipe_P1_UI\src\index.tsx
FNF:0
FNH:0
DA:7,0
DA:17,0
LF:2
LH:0
BRF:0
BRH:0
end_of_record
TN:
SF:C:\Revature\200406-java-react-usf\Korey_Keipe_P1_UI\src\serviceWorker.ts
FN:28,register
FN:42,(anonymous_1)
FN:51,(anonymous_2)
FN:65,registerValidSW
FN:68,(anonymous_4)
FN:69,(anonymous_5)
FN:74,(anonymous_6)
FN:104,(anonymous_7)
FN:109,checkValidServiceWorker
FN:114,(anonymous_9)
FN:122,(anonymous_10)
FN:123,(anonymous_11)
FN:132,(anonymous_12)
FN:139,unregister
FN:142,(anonymous_14)
FN:145,(anonymous_15)
FNF:16
FNH:0
FNDA:0,register
FNDA:0,(anonymous_1)
FNDA:0,(anonymous_2)
FNDA:0,registerValidSW
FNDA:0,(anonymous_4)
FNDA:0,(anonymous_5)
FNDA:0,(anonymous_6)
FNDA:0,(anonymous_7)
FNDA:0,checkValidServiceWorker
FNDA:0,(anonymous_9)
FNDA:0,(anonymous_10)
FNDA:0,(anonymous_11)
FNDA:0,(anonymous_12)
FNDA:0,unregister
FNDA:0,(anonymous_14)
FNDA:0,(anonymous_15)
DA:13,0
DA:29,0
DA:31,0
DA:35,0
DA:39,0
DA:42,0
DA:43,0
DA:45,0
DA:47,0
DA:51,0
DA:52,0
DA:59,0
DA:66,0
DA:69,0
DA:70,0
DA:71,0
DA:72,0
DA:74,0
DA:75,0
DA:76,0
DA:80,0
DA:86,0
DA:87,0
DA:93,0
DA:96,0
DA:97,0
DA:105,0
DA:111,0
DA:116,0
DA:117,0
DA:122,0
DA:123,0
DA:124,0
DA:129,0
DA:133,0
DA:140,0
DA:141,0
DA:143,0
DA:146,0
LF:39
LH:0
BRDA:14,0,0,0
BRDA:14,0,1,0
BRDA:14,0,2,0
BRDA:29,1,0,0
BRDA:29,1,1,0
BRDA:29,2,0,0
BRDA:29,2,1,0
BRDA:35,3,0,0
BRDA:35,3,1,0
BRDA:45,4,0,0
BRDA:45,4,1,0
BRDA:71,5,0,0
BRDA:71,5,1,0
BRDA:75,6,0,0
BRDA:75,6,1,0
BRDA:76,7,0,0
BRDA:76,7,1,0
BRDA:86,8,0,0
BRDA:86,8,1,0
BRDA:86,9,0,0
BRDA:86,9,1,0
BRDA:96,10,0,0
BRDA:96,10,1,0
BRDA:96,11,0,0
BRDA:96,11,1,0
BRDA:117,12,0,0
BRDA:117,12,1,0
BRDA:118,13,0,0
BRDA:118,13,1,0
BRDA:118,13,2,0
BRDA:140,14,0,0
BRDA:140,14,1,0
BRF:32
BRH:0
end_of_record
TN:
SF:C:\Revature\200406-java-react-usf\Korey_Keipe_P1_UI\src\components\DashboardComponent.tsx
FN:14,(anonymous_0)
FN:36,DashboardComponent
FNF:2
FNH:0
FNDA:0,(anonymous_0)
FNDA:0,DashboardComponent
DA:7,1
DA:8,1
DA:14,1
DA:15,0
DA:38,0
DA:40,0
LF:6
LH:3
BRDA:41,0,0,0
BRDA:41,0,1,0
BRDA:45,1,0,0
BRDA:45,1,1,0
BRDA:63,2,0,0
BRDA:63,2,1,0
BRDA:78,3,0,0
BRDA:78,3,1,0
BRF:8
BRH:0
end_of_record
TN:
SF:C:\Revature\200406-java-react-usf\Korey_Keipe_P1_UI\src\components\HomeComponent.tsx
FN:31,(anonymous_0)
FNF:1
FNH:0
FNDA:0,(anonymous_0)
DA:7,1
DA:8,1
DA:15,1
DA:31,1
DA:33,0
DA:35,0
LF:6
LH:4
BRF:0
BRH:0
end_of_record
TN:
SF:C:\Revature\200406-java-react-usf\Korey_Keipe_P1_UI\src\components\LoginComponent.tsx
FN:45,LoginComponent
FN:53,(anonymous_1)
FN:56,(anonymous_2)
FN:60,(anonymous_3)
FNF:4
FNH:1
FNDA:1,LoginComponent
FNDA:0,(anonymous_1)
FNDA:0,(anonymous_2)
FNDA:0,(anonymous_3)
DA:17,1
DA:18,1
DA:19,1
DA:27,1
DA:47,1
DA:49,1
DA:50,1
DA:51,1
DA:53,1
DA:54,0
DA:56,1
DA:57,0
DA:60,1
DA:62,0
DA:63,0
DA:64,0
DA:68,1
LF:17
LH:12
BRDA:69,0,0,0
BRDA:69,0,1,1
BRDA:98,1,0,0
BRDA:98,1,1,1
BRF:4
BRH:2
end_of_record
TN:
SF:C:\Revature\200406-java-react-usf\Korey_Keipe_P1_UI\src\components\NavBarComponent.tsx
FN:22,(anonymous_0)
FN:45,(anonymous_1)
FN:49,(anonymous_2)
FNF:3
FNH:2
FNDA:1,(anonymous_0)
FNDA:1,(anonymous_1)
FNDA:0,(anonymous_2)
DA:14,1
DA:15,1
DA:22,1
DA:23,1
DA:45,1
DA:47,1
DA:49,1
DA:50,0
DA:52,0
DA:53,0
DA:56,1
LF:11
LH:8
BRDA:61,0,0,0
BRDA:61,0,1,1
BRDA:64,1,0,0
BRDA:64,1,1,1
BRF:4
BRH:2
end_of_record
TN:
SF:C:\Revature\200406-java-react-usf\Korey_Keipe_P1_UI\src\components\RegisterComponent.tsx
FN:44,RegisterComponent
FN:56,(anonymous_1)
FN:60,(anonymous_2)
FN:64,(anonymous_3)
FN:68,(anonymous_4)
FN:72,(anonymous_5)
FN:76,(anonymous_6)
FN:80,(anonymous_7)
FNF:8
FNH:0
FNDA:0,RegisterComponent
FNDA:0,(anonymous_1)
FNDA:0,(anonymous_2)
FNDA:0,(anonymous_3)
FNDA:0,(anonymous_4)
FNDA:0,(anonymous_5)
FNDA:0,(anonymous_6)
FNDA:0,(anonymous_7)
DA:17,1
DA:18,1
DA:26,1
DA:46,0
DA:48,0
DA:49,0
DA:50,0
DA:51,0
DA:52,0
DA:53,0
DA:54,0
DA:56,0
DA:57,0
DA:60,0
DA:61,0
DA:64,0
DA:65,0
DA:68,0
DA:69,0
DA:72,0
DA:73,0
DA:76,0
DA:77,0
DA:80,0
DA:82,0
DA:83,0
DA:84,0
DA:85,0
DA:86,0
DA:88,0
DA:92,0
LF:31
LH:3
BRDA:158,0,0,0
BRDA:158,0,1,0
BRF:2
BRH:0
end_of_record
TN:
SF:C:\Revature\200406-java-react-usf\Korey_Keipe_P1_UI\src\components\ReimbComponent.tsx
FN:22,(anonymous_0)
FN:70,ReimbComponent
FN:81,(anonymous_2)
FN:85,(anonymous_3)
FN:88,(anonymous_4)
FN:90,fetchData
FN:103,(anonymous_6)
FNF:7
FNH:0
FNDA:0,(anonymous_0)
FNDA:0,ReimbComponent
FNDA:0,(anonymous_2)
FNDA:0,(anonymous_3)
FNDA:0,(anonymous_4)
FNDA:0,fetchData
FNDA:0,(anonymous_6)
DA:15,1
DA:16,1
DA:22,1
DA:23,0
DA:72,0
DA:74,0
DA:75,0
DA:76,0
DA:79,0
DA:81,0
DA:82,0
DA:85,0
DA:86,0
DA:88,0
DA:92,0
DA:94,0
DA:95,0
DA:96,0
DA:97,0
DA:104,0
DA:105,0
DA:106,0
DA:168,0
DA:170,0
DA:174,0
LF:25
LH:3
BRDA:95,0,0,0
BRDA:95,0,1,0
BRDA:95,1,0,0
BRDA:95,1,1,0
BRDA:96,2,0,0
BRDA:96,2,1,0
BRDA:96,3,0,0
BRDA:96,3,1,0
BRDA:96,3,2,0
BRDA:96,3,3,0
BRDA:130,4,0,0
BRDA:130,4,1,0
BRDA:133,5,0,0
BRDA:133,5,1,0
BRDA:136,6,0,0
BRDA:136,6,1,0
BRDA:144,7,0,0
BRDA:144,7,1,0
BRDA:147,8,0,0
BRDA:147,8,1,0
BRF:20
BRH:0
end_of_record
TN:
SF:C:\Revature\200406-java-react-usf\Korey_Keipe_P1_UI\src\components\SubmitReimbComp.tsx
FN:44,SubmitReimbComp
FN:55,(anonymous_1)
FN:59,(anonymous_2)
FN:63,(anonymous_3)
FN:67,(anonymous_4)
FNF:5
FNH:0
FNDA:0,SubmitReimbComp
FNDA:0,(anonymous_1)
FNDA:0,(anonymous_2)
FNDA:0,(anonymous_3)
FNDA:0,(anonymous_4)
DA:18,1
DA:19,1
DA:26,1
DA:46,0
DA:48,0
DA:49,0
DA:50,0
DA:51,0
DA:52,0
DA:53,0
DA:55,0
DA:56,0
DA:59,0
DA:60,0
DA:63,0
DA:64,0
DA:67,0
DA:69,0
DA:70,0
DA:71,0
DA:72,0
DA:73,0
DA:75,0
DA:79,0
LF:24
LH:3
BRDA:117,0,0,0
BRDA:117,0,1,0
BRF:2
BRH:0
end_of_record
TN:
SF:C:\Revature\200406-java-react-usf\Korey_Keipe_P1_UI\src\components\UpdateReimbComp.tsx
FN:45,UpdateReimbComp
FN:60,(anonymous_1)
FN:64,(anonymous_2)
FN:68,(anonymous_3)
FN:72,(anonymous_4)
FN:76,(anonymous_5)
FNF:6
FNH:0
FNDA:0,UpdateReimbComp
FNDA:0,(anonymous_1)
FNDA:0,(anonymous_2)
FNDA:0,(anonymous_3)
FNDA:0,(anonymous_4)
FNDA:0,(anonymous_5)
DA:17,1
DA:18,1
DA:27,1
DA:47,0
DA:49,0
DA:50,0
DA:51,0
DA:52,0
DA:53,0
DA:54,0
DA:55,0
DA:56,0
DA:57,0
DA:58,0
DA:60,0
DA:61,0
DA:64,0
DA:65,0
DA:68,0
DA:69,0
DA:72,0
DA:73,0
DA:76,0
DA:78,0
DA:79,0
DA:80,0
DA:81,0
DA:82,0
DA:84,0
DA:88,0
LF:30
LH:3
BRDA:125,0,0,0
BRDA:125,0,1,0
BRDA:137,1,0,0
BRDA:137,1,1,0
BRDA:144,2,0,0
BRDA:144,2,1,0
BRF:6
BRH:0
end_of_record
TN:
SF:C:\Revature\200406-java-react-usf\Korey_Keipe_P1_UI\src\components\UpdateUserComp.tsx
FN:27,UpdateUserComp
FN:58,(anonymous_1)
FN:62,(anonymous_2)
FN:66,(anonymous_3)
FN:70,(anonymous_4)
FN:74,(anonymous_5)
FN:78,(anonymous_6)
FN:82,(anonymous_7)
FN:93,(anonymous_8)
FNF:9
FNH:0
FNDA:0,UpdateUserComp
FNDA:0,(anonymous_1)
FNDA:0,(anonymous_2)
FNDA:0,(anonymous_3)
FNDA:0,(anonymous_4)
FNDA:0,(anonymous_5)
FNDA:0,(anonymous_6)
FNDA:0,(anonymous_7)
FNDA:0,(anonymous_8)
DA:17,1
DA:18,1
DA:29,0
DA:47,0
DA:49,0
DA:50,0
DA:51,0
DA:52,0
DA:53,0
DA:54,0
DA:55,0
DA:56,0
DA:58,0
DA:59,0
DA:62,0
DA:63,0
DA:66,0
DA:67,0
DA:70,0
DA:71,0
DA:74,0
DA:75,0
DA:78,0
DA:79,0
DA:82,0
DA:84,0
DA:85,0
DA:86,0
DA:87,0
DA:89,0
DA:93,0
DA:95,0
DA:96,0
DA:97,0
DA:99,0
DA:103,0
LF:36
LH:2
BRDA:169,0,0,0
BRDA:169,0,1,0
BRDA:174,1,0,0
BRDA:174,1,1,0
BRF:4
BRH:0
end_of_record
TN:
SF:C:\Revature\200406-java-react-usf\Korey_Keipe_P1_UI\src\components\UserComponent.tsx
FN:17,(anonymous_0)
FN:49,(anonymous_1)
FN:57,(anonymous_2)
FN:58,fetchData
FN:68,(anonymous_4)
FNF:5
FNH:0
FNDA:0,(anonymous_0)
FNDA:0,(anonymous_1)
FNDA:0,(anonymous_2)
FNDA:0,fetchData
FNDA:0,(anonymous_4)
DA:10,1
DA:11,1
DA:17,1
DA:18,0
DA:49,1
DA:51,0
DA:53,0
DA:55,0
DA:57,0
DA:60,0
DA:62,0
DA:63,0
DA:69,0
DA:70,0
DA:71,0
DA:112,0
DA:114,0
DA:118,0
LF:18
LH:4
BRDA:97,0,0,0
BRDA:97,0,1,0
BRDA:100,1,0,0
BRDA:100,1,1,0
BRF:4
BRH:0
end_of_record
TN:
SF:C:\Revature\200406-java-react-usf\Korey_Keipe_P1_UI\src\models\newReimb.ts
FN:8,(anonymous_0)
FNF:1
FNH:0
FNDA:0,(anonymous_0)
DA:10,0
DA:11,0
DA:12,0
DA:13,0
LF:4
LH:0
BRF:0
BRH:0
end_of_record
TN:
SF:C:\Revature\200406-java-react-usf\Korey_Keipe_P1_UI\src\models\newUser.ts
FN:10,(anonymous_0)
FNF:1
FNH:0
FNDA:0,(anonymous_0)
DA:12,0
DA:13,0
DA:14,0
DA:15,0
DA:16,0
DA:17,0
LF:6
LH:0
BRF:0
BRH:0
end_of_record
TN:
SF:C:\Revature\200406-java-react-usf\Korey_Keipe_P1_UI\src\models\reimb.ts
FN:13,(anonymous_0)
FNF:1
FNH:0
FNDA:0,(anonymous_0)
DA:15,0
DA:16,0
DA:17,0
DA:18,0
DA:19,0
DA:20,0
DA:21,0
DA:22,0
DA:23,0
LF:9
LH:0
BRF:0
BRH:0
end_of_record
TN:
SF:C:\Revature\200406-java-react-usf\Korey_Keipe_P1_UI\src\models\user.ts
FN:10,(anonymous_0)
FNF:1
FNH:0
FNDA:0,(anonymous_0)
DA:11,0
DA:12,0
DA:13,0
DA:14,0
DA:15,0
DA:16,0
DA:17,0
LF:7
LH:0
BRF:0
BRH:0
end_of_record
TN:
SF:C:\Revature\200406-java-react-usf\Korey_Keipe_P1_UI\src\remote\auth-service.ts
FN:6,authenticate
FNF:1
FNH:0
FNDA:0,authenticate
DA:7,0
DA:8,0
LF:2
LH:0
BRF:0
BRH:0
end_of_record
TN:
SF:C:\Revature\200406-java-react-usf\Korey_Keipe_P1_UI\src\remote\client.ts
FNF:0
FNH:0
DA:4,1
DA:12,1
LF:2
LH:2
BRF:0
BRH:0
end_of_record
TN:
SF:C:\Revature\200406-java-react-usf\Korey_Keipe_P1_UI\src\remote\reimb-service.ts
FN:8,(anonymous_0)
FN:14,(anonymous_1)
FN:26,(anonymous_2)
FN:32,(anonymous_3)
FNF:4
FNH:0
FNDA:0,(anonymous_0)
FNDA:0,(anonymous_1)
FNDA:0,(anonymous_2)
FNDA:0,(anonymous_3)
DA:6,1
DA:8,1
DA:10,0
DA:11,0
DA:14,1
DA:16,0
DA:23,0
DA:26,1
DA:28,0
DA:29,0
DA:32,1
DA:34,0
DA:46,0
LF:13
LH:5
BRF:0
BRH:0
end_of_record
TN:
SF:C:\Revature\200406-java-react-usf\Korey_Keipe_P1_UI\src\remote\user-service.ts
FN:8,(anonymous_0)
FN:14,(anonymous_1)
FN:18,registerUser
FN:31,(anonymous_3)
FN:46,(anonymous_4)
FN:52,(anonymous_5)
FNF:6
FNH:0
FNDA:0,(anonymous_0)
FNDA:0,(anonymous_1)
FNDA:0,registerUser
FNDA:0,(anonymous_3)
FNDA:0,(anonymous_4)
FNDA:0,(anonymous_5)
DA:6,1
DA:8,1
DA:10,0
DA:11,0
DA:14,1
DA:15,0
DA:20,0
DA:28,0
DA:31,1
DA:33,0
DA:43,0
DA:46,1
DA:48,0
DA:49,0
DA:52,1
DA:54,0
DA:55,0
LF:17
LH:6
BRF:0
BRH:0
end_of_record
